<?xml version="1.0" encoding="UTF-8"?>
<!-- Generated by org.testng.reporters.JUnitReportReporter -->
<testsuite hostname="david-pc" name="KataNumerosRomanosTest" tests="1" failures="0" timestamp="19 Aug 2016 02:02:30 GMT" time="0.017" errors="0">
  <testcase name="descomposicionNumeros" time="0.017" classname="KataNumerosRomanosTest"/>
</testsuite> <!-- KataNumerosRomanosTest -->
