<?xml version="1.0" encoding="UTF-8"?>
<!-- Generated by org.testng.reporters.JUnitReportReporter -->
<testsuite hostname="david-pc" name="PruebadePrueba" tests="1" failures="0" timestamp="19 Aug 2016 00:29:55 GMT" time="0.018" errors="0">
  <testcase name="ximena" time="0.018" classname="PruebadePrueba"/>
</testsuite> <!-- PruebadePrueba -->
